[07:49:54] [main/INFO] (FabricLoader/GameProvider) Loading Minecraft 1.21.4 with Fabric Loader 0.18.4
[07:49:54] [main/WARN] (FabricLoader/Resolution) Warnings were found!
 - Mod 'Sodium Extra' (sodium-extra) 0.6.1+mc1.21.4 recommends version 1.4.2 or later of reeses-sodium-options, which is missing!
	 - You should install version 1.4.2 or later of reeses-sodium-options for the optimal experience.
[07:49:54] [main/INFO] (FabricLoader) Loading 57 mods:
	- anticrash 1.1
	- fabric-api 0.119.4+1.21.4
	- fabric-api-base 0.4.54+b47eab6b04
	- fabric-api-lookup-api-v1 1.6.86+b1caf1e904
	- fabric-biome-api-v1 15.0.6+b1c29d8e04
	- fabric-block-api-v1 1.0.31+7feeb73304
	- fabric-block-view-api-v2 1.0.20+9c49cc8c04
	- fabric-blockrenderlayer-v1 2.0.8+7feeb73304
	- fabric-client-gametest-api-v1 4.1.1+6816ccd404
	- fabric-client-tags-api-v1 1.1.29+20ea1e2304
	- fabric-command-api-v1 1.2.62+f71b366f04
	- fabric-command-api-v2 2.2.41+e496eb1504
	- fabric-commands-v0 0.2.79+df3654b304
	- fabric-content-registries-v0 9.1.19+25d1a67604
	- fabric-convention-tags-v1 2.1.20+7f945d5b04
	- fabric-convention-tags-v2 2.14.1+aebda09404
	- fabric-crash-report-info-v1 0.3.6+7feeb73304
	- fabric-data-attachment-api-v1 1.6.2+e99da0f704
	- fabric-data-generation-api-v1 22.3.1+0f4e5f5504
	- fabric-dimensions-v1 4.0.10+7feeb73304
	- fabric-entity-events-v1 2.0.15+62245bef04
	- fabric-events-interaction-v0 4.0.4+a4eebcf004
	- fabric-game-rule-api-v1 1.0.63+7d48d43904
	- fabric-gametest-api-v1 2.0.26+7feeb73304
	- fabric-item-api-v1 11.4.0+189dd6fe04
	- fabric-item-group-api-v1 4.2.2+fcb9601404
	- fabric-key-binding-api-v1 1.0.57+7d48d43904
	- fabric-keybindings-v0 0.2.55+df3654b304
	- fabric-lifecycle-events-v1 2.5.4+bf2a60eb04
	- fabric-loot-api-v2 3.0.38+3f89f5a504
	- fabric-loot-api-v3 1.0.26+203e6b2304
	- fabric-message-api-v1 6.0.26+238a33c004
	- fabric-model-loading-api-v1 4.3.0+ae23723504
	- fabric-networking-api-v1 4.4.0+db5e668204
	- fabric-object-builder-api-v1 18.0.14+38b0d59804
	- fabric-particles-v1 4.0.14+7feeb73304
	- fabric-recipe-api-v1 8.1.1+640e77ae04
	- fabric-registry-sync-v0 6.1.11+4a9c1ece04
	- fabric-renderer-api-v1 5.0.3+50f0feb204
	- fabric-renderer-indigo 2.0.3+50f0feb204
	- fabric-rendering-data-attachment-v1 0.3.58+73761d2e04
	- fabric-rendering-fluids-v1 3.1.19+7feeb73304
	- fabric-rendering-v1 10.2.1+0d31b09f04
	- fabric-resource-conditions-api-v1 5.0.13+203e6b2304
	- fabric-resource-loader-v0 3.1.1+360374ac04
	- fabric-screen-api-v1 2.0.38+7feeb73304
	- fabric-screen-handler-api-v1 1.3.118+7feeb73304
	- fabric-sound-api-v1 1.0.32+7feeb73304
	- fabric-tag-api-v1 1.0.7+7d48d43904
	- fabric-transfer-api-v1 5.4.9+efa825c904
	- fabric-transitive-access-wideners-v1 6.3.2+56e78b9b04
	- fabricloader 0.18.4
	- java 21
	- minecraft 1.21.4
	- mixinextras 0.5.0
	- sodium 0.6.13+mc1.21.4
	- sodium-extra 0.6.1+mc1.21.4
[07:50:00] [pool-2-thread-8/WARN] (FabricLoader/ModRemap) Cannot remap lambda$addCloudsPass$6 because it does not exists in any of the targets [net/minecraft/class_761]
[07:50:00] [pool-2-thread-1/WARN] (FabricLoader/ModRemap) Cannot remap lambda$addSkyPass$12 because it does not exists in any of the targets [net/minecraft/class_761]
[07:50:00] [pool-2-thread-5/WARN] (FabricLoader/ModRemap) Cannot remap iterateVisibleBlockEntities because it does not exists in any of the targets [net/minecraft/class_761]
[07:50:00] [pool-2-thread-6/WARN] (FabricLoader/ModRemap) Cannot remap lambda$init$2 because it does not exists in any of the targets [net/minecraft/class_429]
[07:50:01] [pool-2-thread-1/WARN] (FabricLoader/ModRemap) Cannot remap getRenderLayers because it does not exists in any of the targets [net/minecraft/class_4696]
[07:50:03] [main/INFO] (FabricLoader/Mixin) SpongePowered MIXIN Subsystem Version=0.8.7 Source=file:/C:/Users/kille/.gradle/caches/modules-2/files-2.1/net.fabricmc/sponge-mixin/0.17.0+mixin.0.8.7/cf31463202f72d03b0ef1e1e38e8ee71b7faaab6/sponge-mixin-0.17.0+mixin.0.8.7.jar Service=Knot/Fabric Env=CLIENT
[07:50:04] [main/INFO] (FabricLoader/Mixin) Loaded Fabric development mappings for mixin remapper!
[07:50:04] [main/INFO] (FabricLoader/Mixin) Compatibility level set to JAVA_21
[07:50:04] [main/INFO] (Sodium) Loaded configuration file for Sodium: 43 options available, 0 override(s) found
[07:50:04] [main/INFO] (Sodium Extra Config) Loaded configuration file for Sodium Extra: 34 options available, 0 override(s) found
[07:50:06] [main/INFO] (Sodium-GraphicsAdapterProbe) Searching for graphics cards...
[07:50:06] [main/INFO] (Sodium-GraphicsAdapterProbe) Found graphics adapter: AdapterInfo{vendor=NVIDIA, description='NVIDIA GeForce GTX 1650', adapterType=0x0000031B, openglIcdFilePath='C:\Windows\System32\DriverStore\FileRepository\nv_dispi.inf_amd64_7840b4313191ae17\nvoglv64.dll', openglIcdVersion=32.0.15.9174}
[07:50:06] [main/WARN] (Sodium-Workarounds) Sodium has applied one or more workarounds to prevent crashes or other issues on your system: [NVIDIA_THREADED_OPTIMIZATIONS_BROKEN]
[07:50:06] [main/WARN] (Sodium-Workarounds) This is not necessarily an issue, but it may result in certain features or optimizations being disabled. You can sometimes fix these issues by upgrading your graphics driver.
[07:50:07] [main/INFO] (FabricLoader/MixinExtras|Service) Initializing MixinExtras via com.llamalad7.mixinextras.service.MixinExtrasServiceImpl(version=0.5.0).
[07:50:09] [Datafixer Bootstrap/INFO] (Minecraft) 243 Datafixer optimizations took 753 milliseconds
[07:50:25] [Render thread/INFO] (Minecraft) Environment: Environment[sessionHost=https://sessionserver.mojang.com, servicesHost=https://api.minecraftservices.com, name=PROD]
[07:50:25] [Render thread/INFO] (Minecraft) Setting user: Player413
[07:50:26] [Render thread/INFO] (Indigo) [Indigo] Different rendering plugin detected; not applying Indigo.
[07:50:27] [Render thread/INFO] (Minecraft) Backend library: LWJGL version 3.3.3-snapshot
[07:50:27] [Render thread/INFO] (Sodium-NvidiaWorkarounds) Modifying process environment to apply workarounds for the NVIDIA graphics driver...
[07:50:27] [Render thread/INFO] (Minecraft) OpenGL Vendor: NVIDIA Corporation
[07:50:27] [Render thread/INFO] (Minecraft) OpenGL Renderer: NVIDIA GeForce GTX 1650/PCIe/SSE2
[07:50:27] [Render thread/INFO] (Minecraft) OpenGL Version: 3.2.0 NVIDIA 591.74
[07:50:27] [Render thread/INFO] (Sodium-NvidiaWorkarounds) Modifying OpenGL context to apply workarounds for the NVIDIA graphics driver...
[07:50:27] [Render thread/INFO] (Sodium-NvidiaWorkarounds) Enabling GL_DEBUG_OUTPUT_SYNCHRONOUS to force the NVIDIA driver to disable threadedcommand submission
[07:50:29] [Render thread/INFO] (Minecraft) Reloading ResourceManager: vanilla, fabric, fabric-api, fabric-api-base, fabric-api-lookup-api-v1, fabric-biome-api-v1, fabric-block-api-v1, fabric-block-view-api-v2, fabric-blockrenderlayer-v1, fabric-client-gametest-api-v1, fabric-client-tags-api-v1, fabric-command-api-v1, fabric-command-api-v2, fabric-commands-v0, fabric-content-registries-v0, fabric-convention-tags-v1, fabric-convention-tags-v2, fabric-crash-report-info-v1, fabric-data-attachment-api-v1, fabric-data-generation-api-v1, fabric-dimensions-v1, fabric-entity-events-v1, fabric-events-interaction-v0, fabric-game-rule-api-v1, fabric-gametest-api-v1, fabric-item-api-v1, fabric-item-group-api-v1, fabric-key-binding-api-v1, fabric-keybindings-v0, fabric-lifecycle-events-v1, fabric-loot-api-v2, fabric-loot-api-v3, fabric-message-api-v1, fabric-model-loading-api-v1, fabric-networking-api-v1, fabric-object-builder-api-v1, fabric-particles-v1, fabric-recipe-api-v1, fabric-registry-sync-v0, fabric-renderer-api-v1, fabric-renderer-indigo, fabric-rendering-data-attachment-v1, fabric-rendering-fluids-v1, fabric-rendering-v1, fabric-resource-conditions-api-v1, fabric-resource-loader-v0, fabric-screen-api-v1, fabric-screen-handler-api-v1, fabric-sound-api-v1, fabric-tag-api-v1, fabric-transfer-api-v1, fabric-transitive-access-wideners-v1, fabricloader, sodium, sodium-extra
[07:50:30] [Worker-Main-1/INFO] (Minecraft) Found unifont_jp_patch-16.0.01.hex, loading
[07:50:30] [Worker-Main-5/INFO] (Minecraft) Found unifont_all_no_pua-16.0.01.hex, loading
[07:50:33] [Render thread/INFO] (Minecraft) OpenAL initialized on device OpenAL Soft on Headphones (Vault White)
[07:50:33] [Render thread/INFO] (Minecraft) Sound engine started
[07:50:33] [Render thread/INFO] (Minecraft) Created: 1024x512x0 minecraft:textures/atlas/blocks.png-atlas
[07:50:33] [Render thread/INFO] (Minecraft) Created: 256x256x0 minecraft:textures/atlas/signs.png-atlas
[07:50:33] [Render thread/INFO] (Minecraft) Created: 512x512x0 minecraft:textures/atlas/shield_patterns.png-atlas
[07:50:33] [Render thread/INFO] (Minecraft) Created: 512x512x0 minecraft:textures/atlas/banner_patterns.png-atlas
[07:50:33] [Render thread/INFO] (Minecraft) Created: 2048x1024x0 minecraft:textures/atlas/armor_trims.png-atlas
[07:50:33] [Render thread/INFO] (Minecraft) Created: 128x64x0 minecraft:textures/atlas/decorated_pot.png-atlas
[07:50:33] [Render thread/INFO] (Minecraft) Created: 256x256x0 minecraft:textures/atlas/chest.png-atlas
[07:50:33] [Render thread/INFO] (Minecraft) Created: 512x256x0 minecraft:textures/atlas/shulker_boxes.png-atlas
[07:50:33] [Render thread/INFO] (Minecraft) Created: 512x256x0 minecraft:textures/atlas/beds.png-atlas
[07:50:33] [Render thread/INFO] (Minecraft) Created: 64x64x0 minecraft:textures/atlas/map_decorations.png-atlas
[07:50:34] [Render thread/INFO] (Minecraft) Created: 512x256x0 minecraft:textures/atlas/particles.png-atlas
[07:50:34] [Render thread/INFO] (Minecraft) Created: 512x256x0 minecraft:textures/atlas/paintings.png-atlas
[07:50:34] [Render thread/INFO] (Minecraft) Created: 256x128x0 minecraft:textures/atlas/mob_effects.png-atlas
[07:50:34] [Render thread/INFO] (Minecraft) Created: 1024x512x0 minecraft:textures/atlas/gui.png-atlas
[07:50:39] [Render thread/INFO] (Minecraft) Connecting to localhost, 25565
[07:50:41] [Render thread/INFO] (ChunkBuilder) Started 2 worker threads
[07:50:41] [Render thread/INFO] (anticrash) AntiCrash protection activated for server: net.minecraft.client.network.ServerInfo@2d726bc2
[07:50:41] [Render thread/INFO] (Minecraft) [System] [CHAT] Player413 joined the game
[07:50:41] [Render thread/INFO] (Minecraft) Loaded 2 advancements
[07:50:51] [Render thread/INFO] (Minecraft) [System] [CHAT] [Server: Made Player413 a server operator]
[07:51:00] [Render thread/INFO] (Minecraft) [System] [CHAT] No player was found
[07:51:03] [Netty Client IO #0/WARN] (anticrash) Blocked excessive particles: 999999999
[07:51:03] [Render thread/INFO] (Minecraft) [System] [CHAT] Displaying particle minecraft:cloud
[07:51:10] [Netty Client IO #0/WARN] (anticrash) Blocked excessive particles: 999999999
[07:51:10] [Render thread/INFO] (Minecraft) [System] [CHAT] Displaying particle minecraft:cloud
[07:51:16] [Netty Client IO #0/WARN] (anticrash) Blocked excessive particles: 999999999
[07:51:16] [Render thread/INFO] (Minecraft) [System] [CHAT] Displaying particle minecraft:cloud
[07:51:17] [Netty Client IO #0/WARN] (anticrash) Blocked excessive particles: 999999999
[07:51:17] [Render thread/INFO] (Minecraft) [System] [CHAT] Displaying particle minecraft:cloud
[07:51:18] [Netty Client IO #0/WARN] (anticrash) Blocked excessive particles: 999999999
[07:51:18] [Render thread/INFO] (Minecraft) [System] [CHAT] Displaying particle minecraft:cloud
[07:51:19] [Netty Client IO #0/WARN] (anticrash) Blocked excessive particles: 999999999
[07:51:19] [Render thread/INFO] (Minecraft) [System] [CHAT] Displaying particle minecraft:cloud
[07:51:21] [Netty Client IO #0/WARN] (anticrash) Blocked excessive particles: 999999999
[07:51:21] [Render thread/INFO] (Minecraft) [System] [CHAT] Displaying particle minecraft:cloud
